<?xml version="1.0" encoding="UTF-8"?>
<testsuite name="com.trello.qa.BoardCreationTests" tests="1" skipped="0" failures="0" errors="0" timestamp="2019-09-08T19:16:19" hostname="LAPTOP-L1NGAD2D" time="52.626">
  <properties/>
  <testcase name="testBoardCreation" classname="com.trello.qa.BoardCreationTests" time="52.626"/>
  <system-out><![CDATA[]]></system-out>
  <system-err><![CDATA[Starting ChromeDriver 76.0.3809.126 (d80a294506b4c9d18015e755cee48f953ddc3f2f-refs/branch-heads/3809@{#1024}) on port 6914
Only local connections are allowed.
Please protect ports used by ChromeDriver and related test frameworks to prevent access by malicious code.
Sep 08, 2019 10:15:39 PM org.openqa.selenium.remote.ProtocolHandshake createSession
INFO: Detected dialect: W3C
]]></system-err>
</testsuite>
